<?xml version="1.0" encoding="UTF-8"?>
<!-- Generated by org.testng.reporters.JUnitReportReporter -->
<testsuite hostname="Lenovo-G500s" failures="0" tests="1" name="com.vikasbank.testCases.TC_LoginTest_001" time="9.414" errors="0" timestamp="2022-07-28T15:48:23 IST" skipped="0">
  <testcase classname="com.vikasbank.testCases.TC_LoginTest_001" name="LoginTest" time="9.414"/>
  <system-out/>
</testsuite> <!-- com.vikasbank.testCases.TC_LoginTest_001 -->
