<?xml version="1.0" encoding="UTF-8"?>
<!-- Generated by org.testng.reporters.JUnitReportReporter -->
<testsuite hostname="Lenovo-G500s" failures="0" tests="3" name="com.vikasbank.testCases.TC_HomePage_001" time="10.485" errors="0" timestamp="2022-07-28T15:48:23 IST" skipped="0">
  <testcase classname="com.vikasbank.testCases.TC_HomePage_001" name="testCurrentURL" time="8.917"/>
  <system-out/>
  <testcase classname="com.vikasbank.testCases.TC_HomePage_001" name="test3" time="1.487"/>
  <system-out/>
  <testcase classname="com.vikasbank.testCases.TC_HomePage_001" name="testTitle" time="0.081"/>
  <system-out/>
</testsuite> <!-- com.vikasbank.testCases.TC_HomePage_001 -->
